0 info it worked if it ends with ok
1 verbose cli [ 'c:\\nodejs\\node.exe',
1 verbose cli   'c:\\nodejs\\node_modules\\npm\\bin\\npm-cli.js',
1 verbose cli   'start' ]
2 info using npm@2.7.4
3 info using node@v0.12.2
4 verbose stack Error: ENOENT, open 'd:\mweb\eCommerce\package.json'
4 verbose stack     at Error (native)
5 verbose cwd d:\mweb\eCommerce
6 error Windows_NT 6.3.9600
7 error argv "c:\\nodejs\\node.exe" "c:\\nodejs\\node_modules\\npm\\bin\\npm-cli.js" "start"
8 error node v0.12.2
9 error npm  v2.7.4
10 error path d:\mweb\eCommerce\package.json
11 error code ENOENT
12 error errno -4058
13 error enoent ENOENT, open 'd:\mweb\eCommerce\package.json'
13 error enoent This is most likely not a problem with npm itself
13 error enoent and is related to npm not being able to find a file.
14 verbose exit [ -4058, true ]
